200000
TMPDIR = /scratch/global/yangjunjie/o2/544890/
PYSCF_TMPDIR = /scratch/global/yangjunjie/o2/544890/
converged SCF energy = -149.609461121647
ncas = 28, n_elec = 16, spin = 2, ecore = 28.222784582400003
orb_sym = [0, 0, 0, 0, 0, 2, 3, 2, 3, 0, 0, 2, 3, 0, 2, 3, 0, 0, 2, 3, 0, 1, 0, 1, 0, 2, 3, 0]
integral symmetrize error =  0.0
integral cutoff error =  1.2958616041708403e-19
mpo terms =      87895

Build MPO | Nsites =    28 | Nterms =      87895 | Algorithm = FastBIP | Cutoff = 1.00e-20
 Site =     0 /    28 .. Mmpo =    13 DW = 0.00e+00 NNZ =       13 SPT = 0.0000 Tmvc = 0.004 T = 0.013
 Site =     1 /    28 .. Mmpo =    46 DW = 0.00e+00 NNZ =       54 SPT = 0.9097 Tmvc = 0.005 T = 0.016
 Site =     2 /    28 .. Mmpo =    72 DW = 0.00e+00 NNZ =      683 SPT = 0.7938 Tmvc = 0.006 T = 0.020
 Site =     3 /    28 .. Mmpo =   102 DW = 0.00e+00 NNZ =      843 SPT = 0.8852 Tmvc = 0.007 T = 0.023
 Site =     4 /    28 .. Mmpo =   140 DW = 0.00e+00 NNZ =     1249 SPT = 0.9125 Tmvc = 0.008 T = 0.026
 Site =     5 /    28 .. Mmpo =   198 DW = 0.00e+00 NNZ =     1227 SPT = 0.9557 Tmvc = 0.009 T = 0.029
 Site =     6 /    28 .. Mmpo =   268 DW = 0.00e+00 NNZ =     1471 SPT = 0.9723 Tmvc = 0.011 T = 0.034
 Site =     7 /    28 .. Mmpo =   330 DW = 0.00e+00 NNZ =     2041 SPT = 0.9769 Tmvc = 0.011 T = 0.035
 Site =     8 /    28 .. Mmpo =   400 DW = 0.00e+00 NNZ =     2365 SPT = 0.9821 Tmvc = 0.011 T = 0.035
 Site =     9 /    28 .. Mmpo =   478 DW = 0.00e+00 NNZ =     3539 SPT = 0.9815 Tmvc = 0.012 T = 0.038
 Site =    10 /    28 .. Mmpo =   564 DW = 0.00e+00 NNZ =     4109 SPT = 0.9848 Tmvc = 0.014 T = 0.041
 Site =    11 /    28 .. Mmpo =   658 DW = 0.00e+00 NNZ =     3855 SPT = 0.9896 Tmvc = 0.014 T = 0.040
 Site =    12 /    28 .. Mmpo =   760 DW = 0.00e+00 NNZ =     4261 SPT = 0.9915 Tmvc = 0.013 T = 0.042
 Site =    13 /    28 .. Mmpo =   774 DW = 0.00e+00 NNZ =    20545 SPT = 0.9651 Tmvc = 0.014 T = 0.056
 Site =    14 /    28 .. Mmpo =   712 DW = 0.00e+00 NNZ =    17705 SPT = 0.9679 Tmvc = 0.009 T = 0.043
 Site =    15 /    28 .. Mmpo =   658 DW = 0.00e+00 NNZ =     3871 SPT = 0.9917 Tmvc = 0.006 T = 0.021
 Site =    16 /    28 .. Mmpo =   564 DW = 0.00e+00 NNZ =     7176 SPT = 0.9807 Tmvc = 0.006 T = 0.023
 Site =    17 /    28 .. Mmpo =   478 DW = 0.00e+00 NNZ =     3633 SPT = 0.9865 Tmvc = 0.004 T = 0.015
 Site =    18 /    28 .. Mmpo =   400 DW = 0.00e+00 NNZ =     2856 SPT = 0.9851 Tmvc = 0.003 T = 0.012
 Site =    19 /    28 .. Mmpo =   330 DW = 0.00e+00 NNZ =     2498 SPT = 0.9811 Tmvc = 0.002 T = 0.009
 Site =    20 /    28 .. Mmpo =   268 DW = 0.00e+00 NNZ =     2087 SPT = 0.9764 Tmvc = 0.002 T = 0.007
 Site =    21 /    28 .. Mmpo =   214 DW = 0.00e+00 NNZ =     1490 SPT = 0.9740 Tmvc = 0.001 T = 0.005
 Site =    22 /    28 .. Mmpo =   168 DW = 0.00e+00 NNZ =     1275 SPT = 0.9645 Tmvc = 0.001 T = 0.004
 Site =    23 /    28 .. Mmpo =   130 DW = 0.00e+00 NNZ =      748 SPT = 0.9658 Tmvc = 0.001 T = 0.003
 Site =    24 /    28 .. Mmpo =    90 DW = 0.00e+00 NNZ =      821 SPT = 0.9298 Tmvc = 0.000 T = 0.002
 Site =    25 /    28 .. Mmpo =    46 DW = 0.00e+00 NNZ =      205 SPT = 0.9505 Tmvc = 0.000 T = 0.001
 Site =    26 /    28 .. Mmpo =    14 DW = 0.00e+00 NNZ =       83 SPT = 0.8711 Tmvc = 0.000 T = 0.000
 Site =    27 /    28 .. Mmpo =     1 DW = 0.00e+00 NNZ =       14 SPT = 0.0000 Tmvc = 0.000 T = 0.000
Ttotal =      0.595 Tmvc-total = 0.175 MPO bond dimension =   774 MaxDW = 0.00e+00
NNZ =        90717 SIZE =      4450565 SPT = 0.9796

Rank =     0 Ttotal =      0.600 MPO method = FastBipartite bond dimension =     774 NNZ =        90717 SIZE =      4450565 SPT = 0.9796

Sweep =    0 | Direction =  forward | Bond dimension =  250 | Noise =  1.00e-04 | Dav threshold =  1.00e-10
Time elapsed =      8.911 | E =    -149.5949482240 | DW = 6.80e-08

Sweep =    1 | Direction = backward | Bond dimension =  250 | Noise =  1.00e-04 | Dav threshold =  1.00e-10
Time elapsed =     15.616 | E =    -149.7322586074 | DE = -1.37e-01 | DW = 4.57e-05

Sweep =    2 | Direction =  forward | Bond dimension =  250 | Noise =  1.00e-04 | Dav threshold =  1.00e-10
Time elapsed =     23.033 | E =    -149.7387705824 | DE = -6.51e-03 | DW = 1.05e-04

Sweep =    3 | Direction = backward | Bond dimension =  250 | Noise =  1.00e-04 | Dav threshold =  1.00e-10
Time elapsed =     29.705 | E =    -149.7402312197 | DE = -1.46e-03 | DW = 1.35e-04

Sweep =    4 | Direction =  forward | Bond dimension =  500 | Noise =  1.00e-05 | Dav threshold =  1.00e-10
Time elapsed =     49.635 | E =    -149.7444548540 | DE = -4.22e-03 | DW = 1.01e-05

Sweep =    5 | Direction = backward | Bond dimension =  500 | Noise =  1.00e-05 | Dav threshold =  1.00e-10
Time elapsed =     84.123 | E =    -149.7464597731 | DE = -2.00e-03 | DW = 6.46e-05

Sweep =    6 | Direction =  forward | Bond dimension =  500 | Noise =  1.00e-05 | Dav threshold =  1.00e-10
